<?xml version="1.0" encoding="utf-8"?><testsuites name="pytest tests"><testsuite name="pytest" errors="0" failures="0" skipped="1" tests="276" time="28.145" timestamp="2026-09-16T02:14:42.792307+00:00" hostname="localhost"><testcase classname="" name="tests.integration.test_local_optional" time="0.000"><skipped message="collection skipped">('/mnt/data/ephi_audit/source/ephi_v0.19.1_production_hardened_release/tests/integration/test_local_optional.py', 6, "Skipped: could not import 'pyarrow': No module named 'pyarrow'")</skipped></testcase><testcase classname="tests.advisory.test_checkpoint" name="test_advisory_checkpoint_preserves_workflow_missed_events_and_versions" time="0.046" /><testcase classname="tests.advisory.test_contract_validation" name="test_operational_priority_is_not_free_form" time="0.000" /><testcase classname="tests.advisory.test_policy" name="test_advisory_presentation_policy_loads_from_yaml" time="0.001" /><testcase classname="tests.advisory.test_read_models" name="test_episode_view_preserves_authoritative_conclusion_and_surfaces_limits" time="0.000" /><testcase classname="tests.advisory.test_read_models" name="test_read_model_deduplicates_correlated_evidence_by_dependency_group" time="0.001" /><testcase classname="tests.advisory.test_read_models" name="test_read_model_cache_invalidates_on_source_version" time="0.000" /><testcase classname="tests.advisory.test_read_models" name="test_analytical_revision_history_preserves_prior_hypothesis" time="0.000" /><testcase classname="tests.advisory.test_workflow" name="test_workflow_is_audited_and_closure_feedback_is_preserved" time="0.001" /><testcase classname="tests.autopilot.test_autopilot_qualification" name="test_autopilot_hostile_port_qualification" time="0.028" /><testcase classname="tests.autopilot.test_catalog" name="test_catalog_covers_core_contracts" time="0.000" /><testcase classname="tests.autopilot.test_change_audit" name="test_company_only_port_passes_core_guard" time="0.000" /><testcase classname="tests.autopilot.test_change_audit" name="test_core_change_fails_portability_guard" time="0.000" /><testcase classname="tests.autopilot.test_company_inspector_contract" name="test_company_autopilot_scaffold_is_fail_closed_and_bounded" time="0.000" /><testcase classname="tests.autopilot.test_discovery" name="test_discovery_recovers_from_approximate_hint_and_ranks_semantic_table" time="0.017" /><testcase classname="tests.autopilot.test_generated_config" name="test_generated_autopilot_config_is_strict_schema_compatible" time="0.025" /><testcase classname="tests.autopilot.test_generated_config" name="test_generated_config_populates_port_required_capabilities" time="0.025" /><testcase classname="tests.autopilot.test_hardening_v191" name="test_binding_hash_and_unknown_keys_fail_closed" time="0.022" /><testcase classname="tests.autopilot.test_hardening_v191" name="test_full_canonical_schema_projects_optional_nulls_and_material_can_be_missing" time="0.001" /><testcase classname="tests.autopilot.test_hardening_v191" name="test_reference_flag_not_stolen_by_y_coordinate_and_is_normalized" time="0.003" /><testcase classname="tests.autopilot.test_hardening_v191" name="test_date_partition_pruning_is_conservative_but_exact_timestamp_filter_remains" time="0.017" /><testcase classname="tests.autopilot.test_hardening_v191" name="test_repository_incremental_and_id_lookup_execute_without_fake_event_window" time="0.018" /><testcase classname="tests.autopilot.test_hardening_v191" name="test_type_firewall_rejects_raw_string_boolean" time="0.000" /><testcase classname="tests.autopilot.test_hardening_v191" name="test_sql_capability_probe_and_join_guard" time="0.001" /><testcase classname="tests.autopilot.test_hardening_v191" name="test_temporal_predicate_rejects_ambiguous_non_iso_string" time="0.016" /><testcase classname="tests.autopilot.test_inference" name="test_metrology_inference_from_companyish_names" time="0.004" /><testcase classname="tests.autopilot.test_inference" name="test_knowledge_time_violation_reduces_candidate_confidence" time="0.002" /><testcase classname="tests.autopilot.test_inference" name="test_binding_validator_rejects_manifest_sql_mismatch" time="0.000" /><testcase classname="tests.autopilot.test_release_identity" name="test_autopilot_instructions_participate_in_release_identity" time="0.096" /><testcase classname="tests.autopilot.test_semantic_guards_v191" name="test_semantic_acceptance_blocks_knowledge_time_and_join_explosion" time="0.000" /><testcase classname="tests.autopilot.test_semantic_guards_v191" name="test_query_plan_rejects_full_scan_and_accepts_index_plan" time="0.000" /><testcase classname="tests.autopilot.test_sql_runtime" name="test_sql_binding_is_actual_runtime_query_layer" time="0.000" /><testcase classname="tests.autopilot.test_sql_runtime" name="test_unbounded_query_fails_but_id_query_does_not_require_event_window" time="0.000" /><testcase classname="tests.campaign.test_observability" name="test_readiness_reconciliation_export_and_retention" time="0.048" /><testcase classname="tests.campaign.test_observability" name="test_retry_changes_execution_not_semantic_evidence" time="0.188" /><testcase classname="tests.campaign.test_observability" name="test_artifact_tamper_blocks_reconciliation" time="0.014" /><testcase classname="tests.campaign.test_observability" name="test_campaign_scope_excludes_unreferenced_family_evidence" time="0.016" /><testcase classname="tests.campaign.test_observability" name="test_completed_campaign_slo_does_not_age_after_completion" time="0.013" /><testcase classname="tests.campaign.test_observability" name="test_qualification_export_can_be_published_immutably" time="0.043" /><testcase classname="tests.campaign.test_observability" name="test_failure_taxonomy" time="0.000" /><testcase classname="tests.campaign.test_observability_policy" name="test_campaign_policies_load" time="0.001" /><testcase classname="tests.campaign.test_observability_qualification" name="test_campaign_observability_qualification" time="0.047" /><testcase classname="tests.history.test_case_confidence" name="test_confirmed_case_confidence_exceeds_unreviewed" time="0.000" /><testcase classname="tests.history.test_history_policy" name="test_similarity_policy_loads_versioned_scales" time="0.002" /><testcase classname="tests.history.test_qualification" name="test_history_rca_qualification_gate" time="0.012" /><testcase classname="tests.history.test_similarity" name="test_exact_similarity_and_availability_filter" time="0.000" /><testcase classname="tests.history.test_similarity" name="test_unavailable_domain_is_not_zero_similarity_penalty" time="0.000" /><testcase classname="tests.history.test_similarity" name="test_strict_context_blocks_incompatible_operation" time="0.000" /><testcase classname="tests.integration.test_advisory_api" name="test_advisory_episode_api_workflow_notification_and_missed_event" time="0.084" /><testcase classname="tests.integration.test_advisory_api" name="test_advisory_api_uses_404_for_unknown_episode" time="0.031" /><testcase classname="tests.integration.test_api" name="test_health_and_version" time="0.033" /><testcase classname="tests.integration.test_api_actor_resolver" name="test_authenticated_actor_resolver_overrides_body_identity" time="0.037" /><testcase classname="tests.integration.test_autopilot_cli" name="test_autopilot_candidate_cli_generates_binding" time="0.026" /><testcase classname="tests.integration.test_autopilot_cli" name="test_autopilot_wrong_candidate_cli_fails" time="0.011" /><testcase classname="tests.integration.test_autopilot_cli" name="test_autopilot_discover_ranks_metrology" time="0.024" /><testcase classname="tests.integration.test_autopilot_cli" name="test_autopilot_bootstrap_synthesizes_strict_config" time="0.030" /><testcase classname="tests.integration.test_autopilot_cli" name="test_intentional_edit_can_be_validated_and_resealed" time="0.028" /><testcase classname="tests.integration.test_campaign_observability_api" name="test_campaign_observability_api_is_typed_and_read_only" time="0.074" /><testcase classname="tests.integration.test_campaign_observability_api" name="test_campaign_observability_api_fails_closed_when_unconfigured" time="0.037" /><testcase classname="tests.integration.test_campaign_observability_cli" name="test_campaign_observability_qualification_cli" time="0.058" /><testcase classname="tests.integration.test_company_autopilot_bootstrap_v191" name="test_company_bootstrap_accepts_valid_autopilot_bindings" time="0.027" /><testcase classname="tests.integration.test_company_autopilot_bootstrap_v191" name="test_company_bootstrap_runtime_preflight_catches_schema_drift" time="0.026" /><testcase classname="tests.integration.test_company_autopilot_bootstrap_v191" name="test_autopilot_active_missing_binding_mount_fails_explicitly" time="0.001" /><testcase classname="tests.integration.test_exposure_advisory" name="test_refresh_changes_priority_without_analytical_revision" time="0.001" /><testcase classname="tests.integration.test_exposure_advisory" name="test_typed_api" time="0.043" /><testcase classname="tests.integration.test_exposure_checkpoint" name="test_round_trip" time="0.000" /><testcase classname="tests.integration.test_exposure_coordinator" name="test_coordinator_uses_semantic_repository_without_table_names" time="0.001" /><testcase classname="tests.integration.test_history_rca_api" name="test_history_rca_typed_endpoints" time="0.052" /><testcase classname="tests.integration.test_history_rca_api" name="test_absent_substrate_is_503" time="0.035" /><testcase classname="tests.integration.test_launch_campaign_cli_v17" name="test_reference_campaign_dry_run_resumes_retry_and_remains_non_promotable" time="0.035" /><testcase classname="tests.integration.test_launch_cli" name="test_launch_receipt_and_qualification_cli" time="0.023" /><testcase classname="tests.integration.test_launch_cli" name="test_launch_plan_consumes_data_reality_and_blocks_without_evidence" time="0.016" /><testcase classname="tests.integration.test_metrology_checkpoint" name="test_metrology_checkpoint_restore_matches_uninterrupted_pipeline" time="1.799" /><testcase classname="tests.integration.test_onboarding_cli" name="test_onboarding_cli_plan_to_family_manifest" time="0.023" /><testcase classname="tests.integration.test_openapi_contract" name="test_v0110_openapi_contains_science_value_and_shadow_operations_contract_paths_and_semantic_enums" time="0.540" /><testcase classname="tests.integration.test_operations_api" name="test_operations_api_is_read_only_and_typed" time="0.039" /><testcase classname="tests.integration.test_operations_api" name="test_operations_api_returns_503_if_not_configured" time="0.032" /><testcase classname="tests.integration.test_operations_cli" name="test_operations_benchmark_and_deployment_render_cli" time="0.032" /><testcase classname="tests.integration.test_pipeline_checkpoint" name="test_checkpoint_restore_matches_uninterrupted_pipeline" time="0.495" /><testcase classname="tests.integration.test_port_cli" name="test_port_bootstrap_cli_reference_completes" time="0.015" /><testcase classname="tests.integration.test_port_cli" name="test_company_scaffold_bootstrap_fails_closed_on_placeholders" time="0.015" /><testcase classname="tests.integration.test_production_preflight_v191" name="test_reference_production_preflight_passes" time="0.016" /><testcase classname="tests.integration.test_production_preflight_v191" name="test_company_scaffold_reports_all_gaps_without_throwing" time="0.015" /><testcase classname="tests.integration.test_production_preflight_v191" name="test_production_smoke_qualification_plane_passes" time="5.328" /><testcase classname="tests.integration.test_production_preflight_v191" name="test_database_capability_cli_passes_against_reference_executor" time="0.009" /><testcase classname="tests.integration.test_qualification_control_api" name="test_qualification_api_overrides_submitter_reviewer_and_surfaces_audit" time="0.049" /><testcase classname="tests.integration.test_qualification_control_api" name="test_qualification_mutation_fails_without_actor_resolver" time="0.032" /><testcase classname="tests.integration.test_qualification_control_api" name="test_plan_registration_api_is_typed" time="0.048" /><testcase classname="tests.integration.test_replay_cli" name="test_synthetic_replay_cli_local_drift" time="0.232" /><testcase classname="tests.integration.test_replay_cli" name="test_metrology_replay_cli_process_shift" time="0.972" /><testcase classname="tests.integration.test_replay_cli" name="test_data_contracts_cli" time="0.007" /><testcase classname="tests.integration.test_value_api" name="test_value_api_is_read_only_and_returns_typed_summary" time="0.038" /><testcase classname="tests.integration.test_value_api" name="test_value_api_returns_503_when_value_subsystem_not_configured" time="0.034" /><testcase classname="tests.integration.test_value_api" name="test_value_api_unknown_episode_is_404_when_subsystem_is_configured" time="0.032" /><testcase classname="tests.integration.test_value_checkpoint" name="test_value_ledger_checkpoint_preserves_revision_and_attribution" time="0.002" /><testcase classname="tests.invariants.test_advisory_boundary" name="test_advisory_layer_does_not_import_analytical_implementations" time="0.001" /><testcase classname="tests.invariants.test_company_port_boundary" name="test_company_specific_code_stays_outside_generic_ephi_package" time="0.006" /><testcase classname="tests.invariants.test_dependency_boundary" name="test_domain_does_not_import_high_layers" time="0.001" /><testcase classname="tests.invariants.test_economics_boundary" name="test_health_detection_stack_does_not_import_value_or_exposure" time="0.001" /><testcase classname="tests.invariants.test_exposure_boundary" name="test_no_detector_or_value_imports" time="0.006" /><testcase classname="tests.invariants.test_operations_boundary" name="test_operations_layer_does_not_recompute_scientific_truth" time="0.001" /><testcase classname="tests.invariants.test_qualification_control_boundary" name="test_qualification_control_plane_consumes_evidence_but_does_not_run_science" time="0.000" /><testcase classname="tests.invariants.test_quality_boundary" name="test_detector_population_stack_does_not_depend_on_quality_models" time="0.001" /><testcase classname="tests.invariants.test_value_boundary" name="test_value_layer_is_downstream_and_never_imported_by_scientific_truth_stack" time="0.001" /><testcase classname="tests.launch.test_campaign_execution_v17" name="test_campaign_retry_resume_publishes_immutable_evidence_and_lineage" time="0.013" /><testcase classname="tests.launch.test_campaign_execution_v17" name="test_campaign_dossier_uses_artifact_store_and_simulated_evidence_remains_blocked" time="0.013" /><testcase classname="tests.launch.test_campaign_execution_v17" name="test_launch_dossier_handoff_is_restartable_and_does_not_auto_approve" time="0.023" /><testcase classname="tests.launch.test_company_launch_contract" name="test_company_launch_scaffold_exposes_fail_closed_factory" time="0.001" /><testcase classname="tests.launch.test_data_reality_identity" name="test_launch_plan_blocks_data_reality_from_different_config" time="0.003" /><testcase classname="tests.launch.test_execution_qualification_v17" name="test_campaign_execution_qualification_passes" time="0.050" /><testcase classname="tests.launch.test_golden_manifest" name="test_internal_golden_manifest_rejects_synthetic_cases" time="0.000" /><testcase classname="tests.launch.test_replay_contract" name="test_production_replay_requires_strict_knowledge_time" time="0.001" /><testcase classname="tests.launch.test_shadow_launch" name="test_shadow_launch_qualification_gate_passes" time="0.006" /><testcase classname="tests.launch.test_typed_measurements" name="test_typed_launch_measurements_keep_observed_metrics_explicit" time="0.000" /><testcase classname="tests.launch.test_workspace" name="test_concurrent_evidence_receipts_do_not_lose_updates" time="0.017" /><testcase classname="tests.onboarding.test_control_plane" name="test_multi_instance_concurrent_submissions_do_not_lose_updates" time="0.074" /><testcase classname="tests.onboarding.test_control_plane" name="test_golden_review_is_authenticated_terminal_and_restartable" time="0.003" /><testcase classname="tests.onboarding.test_control_plane" name="test_shadow_claim_and_completion_are_atomic_and_exclusive" time="0.004" /><testcase classname="tests.onboarding.test_control_plane" name="test_gate_to_ready_promotion_to_manifest_is_audited" time="0.007" /><testcase classname="tests.onboarding.test_control_plane" name="test_duplicate_command_is_rejected_without_duplicate_side_effect" time="0.002" /><testcase classname="tests.onboarding.test_control_plane" name="test_concurrent_shadow_claim_has_exactly_one_winner" time="0.009" /><testcase classname="tests.onboarding.test_control_plane" name="test_concurrent_promotion_approval_has_exactly_one_winner" time="0.009" /><testcase classname="tests.onboarding.test_control_plane_qualification" name="test_qualification_control_plane_gate_passes" time="0.257" /><testcase classname="tests.onboarding.test_golden_registry" name="test_golden_case_requires_independent_reviewer_and_persists" time="0.002" /><testcase classname="tests.onboarding.test_golden_registry" name="test_accepted_golden_case_history_is_terminal" time="0.002" /><testcase classname="tests.onboarding.test_onboarding_gate" name="test_family_onboarding_reference_qualification_passes" time="0.006" /><testcase classname="tests.onboarding.test_planner" name="test_required_gap_blocks_but_optional_gap_only_limits" time="0.000" /><testcase classname="tests.onboarding.test_planner" name="test_fully_qualified_required_capabilities_unblock_plan" time="0.000" /><testcase classname="tests.onboarding.test_promotion" name="test_promotion_package_blocks_missing_golden_strata" time="0.000" /><testcase classname="tests.onboarding.test_promotion" name="test_promotion_package_ready_when_required_evidence_exists" time="0.000" /><testcase classname="tests.onboarding.test_promotion" name="test_ready_packages_generate_valid_family_manifest" time="0.000" /><testcase classname="tests.onboarding.test_promotion" name="test_promotion_package_blocks_illegal_state_jump" time="0.000" /><testcase classname="tests.onboarding.test_promotion" name="test_internal_family_policy_does_not_count_synthetic_golden_cases" time="0.000" /><testcase classname="tests.onboarding.test_promotion" name="test_shadow_promotion_requires_reliability_dr_plane" time="0.000" /><testcase classname="tests.onboarding.test_shadow_sampling" name="test_sampler_guarantees_hypothesis_coverage" time="0.000" /><testcase classname="tests.onboarding.test_shadow_sampling" name="test_review_queue_is_idempotent_and_restartable" time="0.003" /><testcase classname="tests.onboarding.test_shadow_sampling" name="test_metrics_keep_missed_events_separate_from_review_false_rate" time="0.001" /><testcase classname="tests.onboarding.test_shadow_sampling" name="test_expired_review_claim_can_be_recovered" time="0.002" /><testcase classname="tests.operations.test_backfill" name="test_live_work_preempts_historical_backfill_and_progress_restores" time="0.002" /><testcase classname="tests.operations.test_certification" name="test_certification_cannot_skip_states" time="0.000" /><testcase classname="tests.operations.test_certification" name="test_quality_capability_requires_quality_plane" time="0.000" /><testcase classname="tests.operations.test_certification" name="test_manifest_cannot_self_declare_offline_without_required_planes" time="0.000" /><testcase classname="tests.operations.test_certification" name="test_shadow_requires_reliability_dr_plane" time="0.000" /><testcase classname="tests.operations.test_certification" name="test_shadow_qualified_requires_engineer_shadow_plane" time="0.000" /><testcase classname="tests.operations.test_controls" name="test_notification_kill_switch_persists_without_disabling_analytics" time="0.002" /><testcase classname="tests.operations.test_deployment" name="test_shadow_deployment_has_api_service_and_optional_gpu" time="0.026" /><testcase classname="tests.operations.test_family_registry" name="test_family_registry_preserves_immutable_promotion_history" time="0.004" /><testcase classname="tests.operations.test_freshness_tracker" name="test_freshness_tracker_persists_and_unknown_is_not_normal" time="0.002" /><testcase classname="tests.operations.test_freshness_tracker" name="test_reference_operations_policy_is_valid" time="0.001" /><testcase classname="tests.operations.test_notification_gate" name="test_notification_gate_blocks_delivery_not_scoring_capability" time="0.000" /><testcase classname="tests.operations.test_operations_qualification_gate" name="test_operations_qualification_gate_passes" time="0.011" /><testcase classname="tests.operations.test_queue" name="test_queue_is_idempotent_and_expired_lease_is_reclaimable" time="0.003" /><testcase classname="tests.operations.test_release_compatibility" name="test_rollback_is_blocked_for_destructive_migration" time="0.002" /><testcase classname="tests.operations.test_shadow" name="test_challenger_never_changes_production_output_and_failure_is_isolated" time="0.000" /><testcase classname="tests.operations.test_shadow_review" name="test_engineer_shadow_gate_requires_useful_low_misleading_reviews" time="0.000" /><testcase classname="tests.operations.test_shadow_store" name="test_shadow_comparison_store_persists_and_summarizes_without_promotion" time="0.002" /><testcase classname="tests.operations.test_telemetry" name="test_stale_or_unknown_channels_block_overall_operational_freshness" time="0.000" /><testcase classname="tests.operations.test_worker_host" name="test_worker_host_completes_success_and_requeues_transient_failure" time="0.003" /><testcase classname="tests.port.test_company_auth_roles" name="test_company_qualification_admin_role_is_stricter_than_engineer_write" time="0.000" /><testcase classname="tests.port.test_company_scaffold_security" name="test_company_app_scaffold_enforces_identity_and_roles" time="0.000" /><testcase classname="tests.port.test_company_scaffold_security" name="test_notification_scaffold_uses_ephi_delivery_gate" time="0.000" /><testcase classname="tests.port.test_company_scaffold_security" name="test_company_qualification_approval_and_gate_paths_require_admin_role" time="0.000" /><testcase classname="tests.port.test_company_scaffold_security" name="test_company_state_scaffold_requires_snapshot_restore_backend_for_dr" time="0.001" /><testcase classname="tests.port.test_company_scaffold_security" name="test_company_recovery_scaffold_is_operator_only_and_clean_target_only" time="0.000" /><testcase classname="tests.port.test_configuration" name="test_runtime_config_uses_environment_paths" time="0.001" /><testcase classname="tests.port.test_configuration" name="test_explicit_config_paths_override_environment" time="0.001" /><testcase classname="tests.port.test_deployment_overlay" name="test_shadow_overlay_preserves_base_env_and_has_bootstrap_job" time="0.000" /><testcase classname="tests.port.test_orchestrator" name="test_ordered_port_bootstrap_passes" time="0.000" /><testcase classname="tests.port.test_orchestrator" name="test_failed_stage_blocks_downstream" time="0.000" /><testcase classname="tests.port.test_orchestrator" name="test_resume_does_not_repeat_passed_stages" time="0.008" /><testcase classname="tests.port.test_orchestrator" name="test_identity_change_refuses_old_bootstrap_state" time="0.006" /><testcase classname="tests.port.test_port_qualification" name="test_port_kit_qualification_passes" time="0.006" /><testcase classname="tests.qualification.test_corpus" name="test_golden_corpus_roundtrip_has_stable_hash" time="0.002" /><testcase classname="tests.qualification.test_exposure_priority" name="test_exposure_priority_reference_qualification_passes" time="0.010" /><testcase classname="tests.qualification.test_gates" name="test_synthetic_gate_is_hard_not_aggregate_score" time="0.000" /><testcase classname="tests.qualification.test_gates" name="test_gate_policy_loads_from_yaml" time="0.001" /><testcase classname="tests.qualification.test_internal_loader" name="test_internal_history_uses_company_loader_contract_without_core_schema_knowledge" time="0.036" /><testcase classname="tests.qualification.test_metrology_incremental" name="test_remeasure_fault_survives_incremental_attempt_arrival" time="1.317" /><testcase classname="tests.qualification.test_metrology_incremental" name="test_healthy_metrology_has_no_transient_fleet_episode" time="1.228" /><testcase classname="tests.qualification.test_stress" name="test_reference_contamination_remains_bounded_at_ten_percent" time="0.001" /><testcase classname="tests.qualification.test_stress" name="test_peer_poisoning_and_common_mode_decomposition_are_robust" time="0.000" /><testcase classname="tests.qualification.test_strict_replay" name="test_late_fact_forces_knowledge_time_rebuild_and_never_appears_early" time="0.041" /><testcase classname="tests.qualification.test_value_ledger" name="test_value_ledger_reference_qualification_passes" time="0.003" /><testcase classname="tests.quality.test_association" name="test_exposed_vs_control_supports_harmfulness_without_causal_claim" time="0.140" /><testcase classname="tests.quality.test_association" name="test_measurement_integrity_limits_process_quality_confidence" time="0.139" /><testcase classname="tests.quality.test_association" name="test_quality_association_becomes_dependency_aware_evidence" time="0.143" /><testcase classname="tests.quality.test_association" name="test_measurement_system_target_supports_metrology_hypothesis_without_integrity_penalty" time="0.137" /><testcase classname="tests.quality.test_association" name="test_opposite_direction_is_contradictory_not_harmful" time="0.306" /><testcase classname="tests.quality.test_dataset" name="test_dataset_rejects_future_label_leakage" time="0.001" /><testcase classname="tests.quality.test_dataset" name="test_dataset_excludes_intervention_censoring_and_immature_outcome" time="0.000" /><testcase classname="tests.quality.test_modeling" name="test_m1_beats_context_only_for_harmful_equipment_state" time="0.179" /><testcase classname="tests.quality.test_modeling" name="test_m1_is_not_promoted_for_benign_equipment_novelty" time="0.147" /><testcase classname="tests.quality.test_modeling" name="test_binary_path_is_chronologically_calibrated" time="0.306" /><testcase classname="tests.quality.test_modeling" name="test_unseen_product_is_flagged_by_applicability_contract" time="0.159" /><testcase classname="tests.quality.test_sampling_gates" name="test_sampling_bias_diagnostic_detects_health_triggered_selection" time="0.007" /><testcase classname="tests.quality.test_sampling_gates" name="test_external_quality_gate_policy_passes_reference_benchmark" time="0.775" /><testcase classname="tests.quality.test_targets_artifacts" name="test_example_quality_target_loads" time="0.001" /><testcase classname="tests.quality.test_targets_artifacts" name="test_quality_model_artifact_has_hash_and_roundtrips" time="0.153" /><testcase classname="tests.quality.test_targets_artifacts" name="test_quality_model_artifact_detects_tampering" time="0.145" /><testcase classname="tests.rca.test_commonality" name="test_enrichment_beats_route_commonality_and_post_onset_contradicts" time="0.001" /><testcase classname="tests.rca.test_commonality" name="test_multiple_controls_expose_control_robustness" time="0.001" /><testcase classname="tests.rca.test_interactions" name="test_pairwise_is_bounded_and_requires_incremental_lift" time="0.000" /><testcase classname="tests.rca.test_investigation_seed" name="test_seed_uses_past_affected_material_and_ranked_hypotheses" time="0.000" /><testcase classname="tests.rca.test_ranking" name="test_health_and_temporal_support_rank_candidate_not_historical_analogy_alone" time="0.000" /><testcase classname="tests.rca.test_rca_policy" name="test_rca_policy_loads_external_thresholds" time="0.001" /><testcase classname="tests.reliability.test_applied_work" name="test_applied_work_ledger_closes_success_before_queue_complete_crash_window" time="0.003" /><testcase classname="tests.reliability.test_checkpoint_fail_closed" name="test_behavioral_corrupt_or_unknown_checkpoint_fails_closed" time="0.002" /><testcase classname="tests.reliability.test_checkpoint_fail_closed" name="test_metrology_incomplete_checkpoint_fails_closed" time="0.001" /><testcase classname="tests.reliability.test_degraded_mode" name="test_wip_outage_does_not_disable_behavioral_scoring" time="0.000" /><testcase classname="tests.reliability.test_degraded_mode" name="test_source_outage_blocks_new_scoring_but_not_existing_advisory_read" time="0.000" /><testcase classname="tests.reliability.test_migration" name="test_behavioral_migration_is_deterministic_and_semantically_equivalent" time="0.000" /><testcase classname="tests.reliability.test_migration" name="test_irreversible_state_migration_blocks_rollback" time="0.002" /><testcase classname="tests.reliability.test_qualification_gate" name="test_reliability_qualification_gate_passes" time="0.032" /><testcase classname="tests.reliability.test_queue_reliability" name="test_conflicting_duplicate_is_rejected_and_dependencies_enforce_order" time="0.003" /><testcase classname="tests.reliability.test_queue_reliability" name="test_multi_instance_claim_has_exactly_one_winner" time="0.012" /><testcase classname="tests.reliability.test_reliability_policy" name="test_reference_reliability_policy_classifies_authoritative_and_rebuildable_state" time="0.003" /><testcase classname="tests.reliability.test_snapshot_recovery" name="test_backup_restore_preserves_versions_values_and_timestamps" time="0.003" /><testcase classname="tests.reliability.test_snapshot_recovery" name="test_corruption_and_dirty_restore_fail_closed" time="0.003" /><testcase classname="tests.reliability.test_snapshot_recovery" name="test_authoritative_missing_blocks_but_derived_missing_rebuilds" time="0.002" /><testcase classname="tests.reliability.test_snapshot_recovery" name="test_unclassified_state_key_blocks_backup" time="0.005" /><testcase classname="tests.reliability.test_snapshot_recovery" name="test_backup_round_trips_through_immutable_artifact_store" time="0.003" /><testcase classname="tests.reliability.test_snapshot_recovery" name="test_self_consistent_bundle_missing_required_authoritative_namespace_is_rejected" time="0.002" /><testcase classname="tests.replay.test_behavioral_vertical_slice" name="test_healthy_has_no_actionable_episode" time="0.517" /><testcase classname="tests.replay.test_behavioral_vertical_slice" name="test_local_drift_creates_target_local_episode_without_peer_flood" time="0.322" /><testcase classname="tests.replay.test_behavioral_vertical_slice" name="test_common_mode_redirects_hypothesis_and_suppresses_local_actionable_events" time="0.347" /><testcase classname="tests.replay.test_behavioral_vertical_slice" name="test_unit_scale_change_is_classified_as_pipeline_suspect_not_equipment_emergency" time="0.341" /><testcase classname="tests.replay.test_behavioral_vertical_slice" name="test_slow_gradual_drift_is_not_absorbed_by_adaptive_reference" time="0.554" /><testcase classname="tests.replay.test_metrology_flagship" name="test_metrology_healthy_has_no_actionable_episode" time="1.157" /><testcase classname="tests.replay.test_metrology_flagship" name="test_head_measurement_drift_isolated_to_target_head" time="1.192" /><testcase classname="tests.replay.test_metrology_flagship" name="test_real_process_shift_is_common_mode_not_measurement_system_failure" time="1.218" /><testcase classname="tests.replay.test_metrology_flagship" name="test_remeasure_instability_can_open_measurement_system_episode" time="1.821" /><testcase classname="tests.replay.test_metrology_flagship" name="test_spatial_head_drift_isolated_to_target_head" time="1.280" /><testcase classname="tests.unit.test_behavioral_admission_regression" name="test_each_asset_uses_its_own_anchor_z_for_reference_admission" time="0.010" /><testcase classname="tests.unit.test_columnar_scalar_kernel" name="test_columnar_scalar_scores_match_reference_manager_semantics" time="0.014" /><testcase classname="tests.unit.test_columnar_scalar_kernel" name="test_peer_columnar_decomposition_separates_local_from_fleet_shift" time="0.001" /><testcase classname="tests.unit.test_columnar_state" name="test_reference_matrix_lookup_and_columnar_scoring" time="0.001" /><testcase classname="tests.unit.test_columnar_state" name="test_grouped_peer_kernel_matches_single_group_semantics" time="0.001" /><testcase classname="tests.unit.test_columnar_state" name="test_grouped_peer_kernel_exactly_matches_semantic_kernel_across_group_sizes" time="0.004" /><testcase classname="tests.unit.test_company_mapping" name="test_company_mapping_translates_query_without_leaking_physical_names_upstream" time="0.000" /><testcase classname="tests.unit.test_config" name="test_config_hash_is_stable" time="0.000" /><testcase classname="tests.unit.test_config" name="test_config_merge" time="0.001" /><testcase classname="tests.unit.test_data_reality" name="test_data_reality_audit_preserves_provisional_join_semantics" time="0.000" /><testcase classname="tests.unit.test_data_reality" name="test_missing_required_column_fails_dataset" time="0.000" /><testcase classname="tests.unit.test_exposure_engine" name="test_onset_window_drives_past_exposure" time="0.000" /><testcase classname="tests.unit.test_exposure_engine" name="test_healthy_alternative_makes_likely_wip_preventable_but_unhealthy_does_not" time="0.000" /><testcase classname="tests.unit.test_exposure_engine" name="test_unassigned_eligible_route_is_possible_and_committed_is_distinct" time="0.000" /><testcase classname="tests.unit.test_exposure_engine" name="test_repeated_executions_do_not_double_count_material_and_not_yet_mature_is_pending" time="0.000" /><testcase classname="tests.unit.test_exposure_policy" name="test_reference_policies_load" time="0.001" /><testcase classname="tests.unit.test_fleet_episode_service" name="test_common_mode_creates_one_fleet_episode" time="0.000" /><testcase classname="tests.unit.test_history_data_reality" name="test_history_and_rca_data_reality_contracts_exist" time="0.000" /><testcase classname="tests.unit.test_mapping_validation" name="test_mapping_validation_fails_missing_required_but_allows_unmapped_optional_datasets" time="0.000" /><testcase classname="tests.unit.test_measurement_scale" name="test_configured_resolution_qualifies_scale_floor" time="0.001" /><testcase classname="tests.unit.test_measurement_scale" name="test_observed_quantization_without_instrument_metadata_is_provisional" time="0.001" /><testcase classname="tests.unit.test_peer_population" name="test_peer_snapshot_uses_physical_change_and_detects_fleet_shift" time="0.000" /><testcase classname="tests.unit.test_peer_population" name="test_three_member_peer_cohort_resists_single_poisoned_member" time="0.000" /><testcase classname="tests.unit.test_priority_engine" name="test_priority_changes_with_wip_not_technical_severity" time="0.000" /><testcase classname="tests.unit.test_priority_engine" name="test_low_confidence_cannot_create_p1_containment" time="0.001" /><testcase classname="tests.unit.test_reference_manager" name="test_current_outlier_does_not_enter_its_own_reference" time="0.001" /><testcase classname="tests.unit.test_reference_manager" name="test_reference_scale_floor_prevents_numerical_z_explosion" time="0.002" /><testcase classname="tests.unit.test_reference_scale_override" name="test_feature_specific_scale_floor_prevents_near_zero_reference_scale" time="0.000" /><testcase classname="tests.unit.test_reference_scale_override" name="test_metrology_config_overlays_characteristic_policy_on_all_channels" time="0.000" /><testcase classname="tests.unit.test_release_manifest" name="test_release_manifest_is_deterministic_except_timestamp" time="0.002" /><testcase classname="tests.unit.test_release_manifest" name="test_release_code_hash_includes_root_package_metadata" time="0.002" /><testcase classname="tests.unit.test_release_manifest_v011" name="test_release_manifest_hashes_qualification_and_deployment_evidence" time="0.002" /><testcase classname="tests.unit.test_release_manifest_v012" name="test_release_identity_includes_company_port_code" time="0.002" /><testcase classname="tests.unit.test_release_manifest_v012" name="test_release_identity_ignores_transient_build_artifacts" time="0.002" /><testcase classname="tests.unit.test_state_store" name="test_compare_and_set" time="0.002" /><testcase classname="tests.unit.test_time" name="test_knowledge_time_visibility" time="0.000" /><testcase classname="tests.unit.test_time" name="test_available_at_cannot_precede_event" time="0.000" /><testcase classname="tests.unit.test_watermark" name="test_watermark_monotonic" time="0.002" /><testcase classname="tests.value.test_costs" name="test_synthetic_cost_model_is_explicitly_approved_fixture" time="0.002" /><testcase classname="tests.value.test_ledger" name="test_economic_event_key_prevents_duplicate_claim_groups" time="0.000" /><testcase classname="tests.value.test_ledger" name="test_validated_benefit_requires_non_none_attribution" time="0.000" /><testcase classname="tests.value.test_ledger" name="test_duplicate_estimate_requires_explicit_revision" time="0.000" /><testcase classname="tests.value.test_ledger" name="test_protected_materials_are_deduplicated_across_related_entries" time="0.000" /><testcase classname="tests.value.test_ledger" name="test_program_summary_refuses_overlapping_validated_claim_groups_without_allocation" time="0.001" /></testsuite></testsuites>